1 999999 525
4379 6170 236
500 85500 351
20020 10002 279
128251 129993 344
905554 912164 476
905554 912169 476
640640 660265 429
640642 660265 429
691894 756450 504
756448 769305 468
756450 769306 468
756450 769343 468
597687 599305 372
597686 599302 372
597686 601327 403
597686 601326 372
773247 726811 468
655871 661281 429
679762 108009 509
836862 838683 525
836863 828681 419
542521 546683 452
883903 620542 525
621842 541389 452
616142 430121 470
963113 845223 507
731704 696623 504
503777 469649 426
846340 771004 525
693161 469649 509
100002 233409 443
231230 299932 407
938472 203821 525
293420 284720 389
209348 294702 443
309420 100456 443
343842 510093 449
583948 123 470
32 99318 351
3492 20934 279
434828 88311 449
342384 233 443
342 234 144
343 34234 308
3435 767 217
1295 95999 351
5398 43443 324
39394 99838 351
609052 734837 509
307519 801192 509
116910 99018 354
156999 768894 509
95316 75488 351
91568 2094 351
4529 377 238
2747 3272 217
7166 9545 260
26 831 171
327 340 144
84 214 125
96470 62797 351
84035 58213 351
771945 809835 468
278483 981421 525
155109 94347 375
55443 43132 340
44004 53284 340
56790 58379 304
95306 95412 284
85267 84313 302
106954 252569 443
29444 567145 470
84295 535193 470
650667 990644 525
817821 863398 525
168292 375503 443
525705 529543 408
325829 463053 449
5124 759052 509
220531 301375 443
706711 743976 424
310962 883499 525
285305 866994 525
404728 981294 525
326327 427114 449
483093 614852 470
747052 888760 525
87802 352066 443
128615 665677 509
640744 917691 525
44581 468509 449
140266 443455 449
654675 880835 525
100614 344208 443
180512 812362 509
488823 811739 509
623633 779574 509
24074 29244 308
84498 715530 509
509921 863461 525
82603 379681 443
689475 958581 525
225725 893325 525
945507 965384 414
373749 960239 525
75230 691278 509
214791 934113 525
196479 758724 509
261977 754326 509
5577 598976 470
736235 865256 525
186793 868243 525
300436 827514 509
505143 896661 525
593093 854775 525
494745 756080 509
21500 959917 525
209252 993577 525
547624 749620 509
597351 650546 509
491975 661809 509
185282 895933 525
330076 960201 525
52432 321267 443
24366 443292 449
256198 411223 449
38797 452110 449
295063 696220 509
153474 858833 525
363859 663203 509
204817 269990 443
173842 339849 443
132878 475701 449
436487 996628 525
642369 681718 442
752334 866841 525
330377 957085 525
658736 863154 525
701002 779487 504
718145 817353 468
25893 460970 449
412801 436738 418
87901 606196 470
544911 552915 452
275393 967982 525
347684 769791 509
775523 833268 468
194310 898710 525
267601 338892 407
445105 998185 525
354108 729084 509
479936 738356 509
325330 350719 441
92393 108746 354
582090 705382 509
115808 872158 525
13040 832285 509
171437 284387 443
105872 510526 449
211850 355193 443
62035 417181 449
354987 947670 525
522966 619635 452
121582 226222 386
374564 936714 525
181471 602062 470
454202 792665 509
632777 665414 442
186938 975702 525
921471 999523 507
